# JRE version: Java(TM) SE Runtime Environment (21.0.1+12) (build 21.0.1+12-LTS-29)
# Java VM: Java HotSpot(TM) 64-Bit Server VM (21.0.1+12-LTS-29, mixed mode, sharing, tiered, compressed oops, compressed class ptrs, g1 gc, windows-amd64)
GC Precious Log:
 CardTable entry size: 512
 Card Set container configuration: InlinePtr #cards 4 size 8 Array Of Cards #cards 16 size 48 Howl #buckets 8 coarsen threshold 3686 Howl Bitmap #cards 512 size 80 coarsen threshold 460 Card regions per heap region 1 cards per card region 4096
 CPUs: 8 total, 8 available
 Memory: 12053M
 Large Page Support: Disabled
 NUMA Support: Disabled
 Compressed Oops: Enabled (Zero based)
 Heap Region Size: 2M
 Heap Min Capacity: 8M
 Heap Initial Capacity: 190M
 Heap Max Capacity: 3014M
 Pre-touch: Disabled
 Parallel Workers: 8
 Concurrent Workers: 2
 Concurrent Refinement Workers: 8
 Periodic GC: Disabled
Heap:
 garbage-first heap   total 73728K, used 49593K [0x0000000743a00000, 0x0000000800000000)
  region size 2048K, 5 young (10240K), 2 survivors (4096K)
 Metaspace       used 77669K, committed 78464K, reserved 1179648K
  class space    used 10589K, committed 10944K, reserved 1048576K
GC Heap History (20 events):
Event: 7.691 GC heap before
{Heap before GC invocations=11 (full 0):
 garbage-first heap   total 61440K, used 48744K [0x0000000743a00000, 0x0000000800000000)
  region size 2048K, 13 young (26624K), 2 survivors (4096K)
 Metaspace       used 55256K, committed 56000K, reserved 1114112K
  class space    used 7115K, committed 7424K, reserved 1048576K
}
Event: 7.694 GC heap after
{Heap after GC invocations=12 (full 0):
 garbage-first heap   total 61440K, used 27417K [0x0000000743a00000, 0x0000000800000000)
  region size 2048K, 2 young (4096K), 2 survivors (4096K)
 Metaspace       used 55256K, committed 56000K, reserved 1114112K
  class space    used 7115K, committed 7424K, reserved 1048576K
}
Event: 8.212 GC heap before
{Heap before GC invocations=12 (full 0):
 garbage-first heap   total 61440K, used 45849K [0x0000000743a00000, 0x0000000800000000)
  region size 2048K, 12 young (24576K), 2 survivors (4096K)
 Metaspace       used 59960K, committed 60608K, reserved 1114112K
  class space    used 7731K, committed 8000K, reserved 1048576K
}
Event: 8.216 GC heap after
{Heap after GC invocations=13 (full 0):
 garbage-first heap   total 61440K, used 28882K [0x0000000743a00000, 0x0000000800000000)
  region size 2048K, 2 young (4096K), 2 survivors (4096K)
 Metaspace       used 59960K, committed 60608K, reserved 1114112K
  class space    used 7731K, committed 8000K, reserved 1048576K
}
Event: 8.898 GC heap before
{Heap before GC invocations=14 (full 0):
 garbage-first heap   total 61440K, used 51410K [0x0000000743a00000, 0x0000000800000000)
  region size 2048K, 13 young (26624K), 2 survivors (4096K)
 Metaspace       used 66495K, committed 67136K, reserved 1114112K
  class space    used 8790K, committed 9088K, reserved 1048576K
}
Event: 8.903 GC heap after
{Heap after GC invocations=15 (full 0):
 garbage-first heap   total 61440K, used 29824K [0x0000000743a00000, 0x0000000800000000)
  region size 2048K, 2 young (4096K), 2 survivors (4096K)
 Metaspace       used 66495K, committed 67136K, reserved 1114112K
  class space    used 8790K, committed 9088K, reserved 1048576K
}
Event: 9.271 GC heap before
{Heap before GC invocations=15 (full 0):
 garbage-first heap   total 61440K, used 50304K [0x0000000743a00000, 0x0000000800000000)
  region size 2048K, 12 young (24576K), 2 survivors (4096K)
 Metaspace       used 67516K, committed 68224K, reserved 1114112K
  class space    used 8901K, committed 9216K, reserved 1048576K
}
Event: 9.274 GC heap after
{Heap after GC invocations=16 (full 0):
 garbage-first heap   total 61440K, used 29753K [0x0000000743a00000, 0x0000000800000000)
  region size 2048K, 1 young (2048K), 1 survivors (2048K)
 Metaspace       used 67516K, committed 68224K, reserved 1114112K
  class space    used 8901K, committed 9216K, reserved 1048576K
}
Event: 9.965 GC heap before
{Heap before GC invocations=16 (full 0):
 garbage-first heap   total 61440K, used 54329K [0x0000000743a00000, 0x0000000800000000)
  region size 2048K, 13 young (26624K), 1 survivors (2048K)
 Metaspace       used 73196K, committed 73984K, reserved 1114112K
  class space    used 9654K, committed 9984K, reserved 1048576K
}
Event: 9.974 GC heap after
{Heap after GC invocations=17 (full 0):
 garbage-first heap   total 61440K, used 32392K [0x0000000743a00000, 0x0000000800000000)
  region size 2048K, 2 young (4096K), 2 survivors (4096K)
 Metaspace       used 73196K, committed 73984K, reserved 1114112K
  class space    used 9654K, committed 9984K, reserved 1048576K
}
Event: 10.539 GC heap before
{Heap before GC invocations=18 (full 0):
 garbage-first heap   total 61440K, used 52872K [0x0000000743a00000, 0x0000000800000000)
  region size 2048K, 12 young (24576K), 2 survivors (4096K)
 Metaspace       used 75778K, committed 76544K, reserved 1179648K
  class space    used 10204K, committed 10560K, reserved 1048576K
}
Event: 10.544 GC heap after
{Heap after GC invocations=19 (full 0):
 garbage-first heap   total 61440K, used 34307K [0x0000000743a00000, 0x0000000800000000)
  region size 2048K, 2 young (4096K), 2 survivors (4096K)
 Metaspace       used 75778K, committed 76544K, reserved 1179648K
  class space    used 10204K, committed 10560K, reserved 1048576K
}
Event: 10.640 GC heap before
{Heap before GC invocations=19 (full 0):
 garbage-first heap   total 61440K, used 48643K [0x0000000743a00000, 0x0000000800000000)
  region size 2048K, 10 young (20480K), 2 survivors (4096K)
 Metaspace       used 75819K, committed 76608K, reserved 1179648K
  class space    used 10209K, committed 10560K, reserved 1048576K
}
Event: 10.643 GC heap after
{Heap after GC invocations=20 (full 0):
 garbage-first heap   total 61440K, used 34633K [0x0000000743a00000, 0x0000000800000000)
  region size 2048K, 2 young (4096K), 2 survivors (4096K)
 Metaspace       used 75819K, committed 76608K, reserved 1179648K
  class space    used 10209K, committed 10560K, reserved 1048576K
}
Event: 10.823 GC heap before
{Heap before GC invocations=21 (full 0):
 garbage-first heap   total 71680K, used 48969K [0x0000000743a00000, 0x0000000800000000)
  region size 2048K, 9 young (18432K), 2 survivors (4096K)
 Metaspace       used 75854K, committed 76608K, reserved 1179648K
  class space    used 10209K, committed 10560K, reserved 1048576K
}
Event: 10.826 GC heap after
{Heap after GC invocations=22 (full 0):
 garbage-first heap   total 71680K, used 35056K [0x0000000743a00000, 0x0000000800000000)
  region size 2048K, 1 young (2048K), 1 survivors (2048K)
 Metaspace       used 75854K, committed 76608K, reserved 1179648K
  class space    used 10209K, committed 10560K, reserved 1048576K
}
Event: 11.195 GC heap before
{Heap before GC invocations=22 (full 0):
 garbage-first heap   total 71680K, used 61680K [0x0000000743a00000, 0x0000000800000000)
  region size 2048K, 14 young (28672K), 1 survivors (2048K)
 Metaspace       used 77658K, committed 78400K, reserved 1179648K
  class space    used 10589K, committed 10944K, reserved 1048576K
}
Event: 11.202 GC heap after
{Heap after GC invocations=23 (full 0):
 garbage-first heap   total 73728K, used 42536K [0x0000000743a00000, 0x0000000800000000)
  region size 2048K, 2 young (4096K), 2 survivors (4096K)
 Metaspace       used 77658K, committed 78400K, reserved 1179648K
  class space    used 10589K, committed 10944K, reserved 1048576K
}
Event: 11.365 GC heap before
{Heap before GC invocations=23 (full 0):
 garbage-first heap   total 73728K, used 63016K [0x0000000743a00000, 0x0000000800000000)
  region size 2048K, 12 young (24576K), 2 survivors (4096K)
 Metaspace       used 77669K, committed 78464K, reserved 1179648K
  class space    used 10589K, committed 10944K, reserved 1048576K
}
Event: 11.370 GC heap after
{Heap after GC invocations=24 (full 0):
 garbage-first heap   total 73728K, used 45497K [0x0000000743a00000, 0x0000000800000000)
  region size 2048K, 2 young (4096K), 2 survivors (4096K)
 Metaspace       used 77669K, committed 78464K, reserved 1179648K
  class space    used 10589K, committed 10944K, reserved 1048576K
}

